   2.1128571428571430       -14.112143254608732     
   2.1257142857142859       -14.167902880310164     
   2.1385714285714288       -14.151729087273191     
   2.1514285714285717       -14.072786994651315     
   2.1642857142857146       -13.940241721598063     
   2.1771428571428570       -13.763258387266957     
   2.1899999999999999       -13.551002110811492     
   2.2028571428571428       -13.312638011385191     
   2.2157142857142857       -13.057331208141576     
   2.2285714285714286       -12.794246820234155     
   2.2414285714285715       -12.532549966816450     
   2.2542857142857144       -12.281405767041974     
   2.2671428571428573       -12.049979340064244     
   2.2800000000000002       -11.847435805036771     
   2.2928571428571427       -11.682940281113080     
   2.3057142857142856       -11.565500162986062     
   2.3185714285714285       -11.499339358191744     
   2.3314285714285714       -11.483151560366048     
   2.3442857142857143       -11.515322407557772     
   2.3571428571428572       -11.594237537815721     
   2.3700000000000001       -11.718282589188689     
   2.3828571428571430       -11.885843199725485     
   2.3957142857142859       -12.095305007474906     
   2.4085714285714284       -12.344956745606783     
   2.4214285714285717       -12.631960628073140     
   2.4342857142857142       -12.952752082233767     
   2.4471428571428571       -13.303754422338642     
   2.4600000000000000       -13.681390962637721     
   2.4728571428571429       -14.082085017380962     
   2.4857142857142858       -14.502259900818315     
   2.4985714285714287       -14.938338927199746     
   2.5114285714285716       -15.386745410775207     
   2.5242857142857145       -15.843902665794655     
   2.5371428571428574       -16.306234006508056     
   2.5499999999999998       -16.770162747165337     
   2.5628571428571427       -17.232112202016495     
   2.5757142857142856       -17.688505685311473     
   2.5885714285714285       -18.135766511300229     
   2.6014285714285714       -18.570318971534824     
   2.6142857142857143       -18.989560750471682     
   2.6271428571428572       -19.393689503120338     
   2.6400000000000001       -19.783403263172101     
   2.6528571428571430       -20.159400064318262     
   2.6657142857142855       -20.522377940250109     
   2.6785714285714288       -20.873034924658970     
   2.6914285714285713       -21.212069051236099     
   2.7042857142857142       -21.540178353672836     
   2.7171428571428571       -21.858060865660455     
   2.7300000000000000       -22.166414620890261     
   2.7428571428571429       -22.465937653053555     
   2.7557142857142858       -22.757327995841621     
   2.7685714285714287       -23.041283682945775     
   2.7814285714285711       -23.318502748057284     
   2.7942857142857145       -23.589683224867493     
   2.8071428571428569       -23.855523147067650     
   2.8199999999999998       -24.116720548349086     
   2.8328571428571427       -24.373973462403093     
   2.8457142857142856       -24.627979922920961     
   2.8585714285714285       -24.879437963593993     
   2.8714285714285714       -25.129045618113484     
   2.8842857142857143       -25.377500920170732     
   2.8971428571428572       -25.625501903457039     
   2.9100000000000001       -25.873746601663687     
   2.9228571428571426       -26.122933048481983     
   2.9357142857142859       -26.373759277603245     
   2.9485714285714284       -26.626923322718742     
   2.9614285714285713       -26.883123217519781     
   2.9742857142857142       -27.143056995697673     
   2.9871428571428571       -27.407422690943690     
   3.0000000000000000       -27.676918336949146     
